### ISSUE TITLE
Browse Recipes plugin errors

### ISSUE THREAD

**Issue by ockham** [thinkle/gourmet#335]
Converted from [SourceForge issue 2964065](https://sourceforge.net/support/tracker.php?aid=2964065), submitted by [SourceForge user beelsr](https://sourceforge.net/users/?user_id=380687) on 2010-03-05 08:55:53 UTC.
1.  if you check the plugin the tab is created, so far so good.if you uncheck the plugin, the tab isn't removed.  repeated check-unchecks result in multiple tabs.  you can fill the screen....
2.  browsing ultimately fails.  when you double click a recipe, gourmet GPFs.  It's a consistent error.  Dr Watson snippets herein...

> > > Application exception occurred:
> > >         App: C:\Program Files\Gourmet\Gourmet.exe (pid=3140)
> > >         When: 03-05-2010 @ 03:43:49.269
> > >         Exception number: c0000005 (access violation)

_----> Module List <----_
(0000000077c10000 - 0000000077c68000: C:\WINDOWS\system32\msvcrt.dll

_----> State Dump for Thread Id 0x51c <----_
eax=00000000 ebx=00000000 ecx=00000000 edx=00000000 esi=00000000 edi=00000000
eip=77c478c0 esp=0012ea9c ebp=0012ee18 iopl=0         nv up ei pl zr na po nc
cs=001b  ss=0023  ds=0023  es=0023  fs=003b  gs=0000             efl=00200246

**\* ERROR: Symbol file could not be found.  Defaulted to export symbols for C:\WINDOWS\system32\msvcrt.dll - function: msvcrt!strlen
        77c478a0 8b4c2404         mov     ecx,[esp+0x4]
        77c478a4 f7c103000000     test    ecx,0x3
        77c478aa 7414             jz      msvcrt!strlen+0x20 (77c478c0)
        77c478ac 8a01             mov     al,[ecx]
        77c478ae 41               inc     ecx
        77c478af 84c0             test    al,al
        77c478b1 7440             jz      msvcrt!strlen+0x53 (77c478f3)
        77c478b3 f7c103000000     test    ecx,0x3
        77c478b9 75f1             jnz     msvcrt!strlen+0xc (77c478ac)
        77c478bb 0500000000       add     eax,0x0
FAULT ->77c478c0 8b01             mov     eax,[ecx]         ds:0023:00000000=????????
        77c478c2 bafffefe7e       mov     edx,0x7efefeff
        77c478c7 03d0             add     edx,eax
        77c478c9 83f0ff           xor     eax,0xffffffff
        77c478cc 33c2             xor     eax,edx
        77c478ce 83c104           add     ecx,0x4
        77c478d1 a900010181       test    eax,0x81010100
        77c478d6 74e8             jz      msvcrt!strlen+0x20 (77c478c0)
        77c478d8 8b41fc           mov     eax,[ecx-0x4]
        77c478db 84c0             test    al,al
        77c478dd 7432             jz      msvcrt!strlen+0x71 (77c47911)

_----> Stack Back Trace <----_
**\* ERROR: Symbol file could not be found.  Defaulted to export symbols for C:\Program Files\Common Files\GTK\2.0\bin\libglib-2.0-0.dll - 
WARNING: Stack unwind information not available. Following frames may be wrong.
ChildEBP RetAddr  Args to Child  
0012ee18 6861e7d6 00000000 0012ee38 00d0da04 msvcrt!strlen+0x20
0012ee48 68616066 0012ee90 00000080 00d0da04 libglib-2.0-0!g_win32_locale_filename_from_utf8+0x1c06
0012ee68 00d0280f 0012ee90 00000080 00d0da04 libglib-2.0-0!g_snprintf+0x26
0012ef28 00cfcef0 0012f060 00000001 00000000 0xd0280f
0012f0b8 1e015538 01efd350 01ce3f80 003ff874 0xcfcef0
017dd084 01e32980 003ff874 1e1d816c 1e1d7548 0x1e015538
01e44a08 1e1d1d30 00d07e40 01efd350 00000000 0x1e32980
00000001 00000000 00000000 00000000 00000000 0x1e1d1d30

_----> Raw Stack Dump <----_
000000000012ea9c  23 dc 61 68 00 00 00 00 - 04 da d0 00 0d 00 00 00  #.ah............
000000000012eaac  04 da d0 00 80 00 00 00 - 90 ee 12 00 f0 ed 12 00  ................
000000000012eabc  40 d8 61 68 7c ee 12 00 - 28 eb 12 00 28 eb 12 00  @.ah|...(...(...
000000000012eacc  00 00 00 00 00 00 00 00 - c0 39 dc 00 d4 19 1d 1e  .........9......
000000000012eadc  b0 3c 01 1e 08 ed 12 00 - e8 96 f0 01 d8 53 d7 01  .<...........S..
000000000012eaec  00 00 00 00 01 02 00 73 - e0 ff 01 1e a0 5d ef 01  .......s.....]..
000000000012eafc  c5 00 00 00 11 00 00 00 - 0d 00 00 00 0d 00 00 00  ................
000000000012eb0c  0d 00 00 00 78 57 06 03 - 40 cf 41 02 00 00 00 00  ....xW..@.A.....
000000000012eb1c  c0 ea 12 00 08 10 00 00 - d8 53 d7 01 01 00 00 00  .........S......
000000000012eb2c  d8 0e 43 02 08 10 00 00 - e8 0c 00 00 00 00 3f 00  ..C...........?.
000000000012eb3c  34 e9 12 00 60 34 60 00 - 28 74 5b 78 2a 00 00 00  4...`4`.(t[x_...
000000000012eb4c  78 eb 12 00 37 10 55 78 - e3 53 d7 01 dc 63 ef 01  x...7.Ux.S...c..
000000000012eb5c  2a 00 00 00 d9 f7 54 78 - 00 00 00 00 2a 00 00 00  *.....Tx...._...
000000000012eb6c  2b 2e 54 78 38 08 a4 01 - 80 eb 12 00 e3 ef 54 78  +.Tx8.........Tx
000000000012eb7c  14 00 00 00 bc eb 12 00 - 73 11 55 78 ec eb 12 00  ........s.Ux....
000000000012eb8c  c5 36 54 78 0b 00 00 00 - ec eb 12 00 b3 38 54 78  .6Tx.........8Tx
000000000012eb9c  00 00 00 00 28 74 5b 78 - 01 00 00 00 d4 eb 12 00  ....(t[x........
000000000012ebac  37 10 55 78 0d 54 d7 01 - 4c cc 0e 1e 01 00 00 00  7.Ux.T..L.......
000000000012ebbc  28 74 5b 78 00 00 00 00 - 90 2b 3f 00 01 00 00 00  (t[x.....+?.....
000000000012ebcc  2b 2e 54 78 38 08 a4 01 - e0 eb 12 00 e3 ef 54 78  +.Tx8.........Tx
